0 info it worked if it ends with ok
1 verbose cli [ '/Users/kai/Documents/dev/openhab2-full/git/openhab2-addons/addons/ui/org.openhab.ui.basic/node/node',
1 verbose cli   '/Users/kai/Documents/dev/openhab2-full/git/openhab2-addons/addons/ui/org.openhab.ui.basic/node/node_modules/npm/bin/npm-cli.js',
1 verbose cli   'run',
1 verbose cli   'build' ]
2 info using npm@3.3.12
3 info using node@v5.4.0
4 verbose run-script [ 'prebuild', 'build', 'postbuild' ]
5 info lifecycle org.openhab.ui.basic@0.11.0~prebuild: org.openhab.ui.basic@0.11.0
6 silly lifecycle org.openhab.ui.basic@0.11.0~prebuild: no script for prebuild, continuing
7 info lifecycle org.openhab.ui.basic@0.11.0~build: org.openhab.ui.basic@0.11.0
8 verbose lifecycle org.openhab.ui.basic@0.11.0~build: unsafe-perm in lifecycle true
9 verbose lifecycle org.openhab.ui.basic@0.11.0~build: PATH: /Users/kai/Documents/dev/openhab2-full/git/openhab2-addons/addons/ui/org.openhab.ui.basic/node/node_modules/npm/bin/node-gyp-bin:/Users/kai/Documents/dev/openhab2-full/git/openhab2-addons/addons/ui/org.openhab.ui.basic/node_modules/.bin:/Users/kai/Documents/dev/openhab2-full/git/openhab2-addons/addons/ui/org.openhab.ui.basic/node:/Users/kai/anaconda3/bin:/usr/local/bin:/usr/bin:/bin:/usr/sbin:/sbin:/usr/local/MacGPG2/bin:/opt/X11/bin:/Library/Frameworks/Mono.framework/Versions/Current/Commands:/Applications/mvn/bin:/Users/kai/.rvm/bin:
10 verbose lifecycle org.openhab.ui.basic@0.11.0~build: CWD: /Users/kai/Documents/dev/openhab2-full/git/openhab2-addons/addons/ui/org.openhab.ui.basic
11 silly lifecycle org.openhab.ui.basic@0.11.0~build: Args: [ '-c', 'gulp default' ]
12 info lifecycle org.openhab.ui.basic@0.11.0~build: Failed to exec build script
13 verbose stack Error: org.openhab.ui.basic@0.11.0 build: `gulp default`
13 verbose stack spawn ENOENT
13 verbose stack     at ChildProcess.<anonymous> (/Users/kai/Documents/dev/openhab2-full/git/openhab2-addons/addons/ui/org.openhab.ui.basic/node/node_modules/npm/lib/utils/spawn.js:17:16)
13 verbose stack     at emitTwo (events.js:87:13)
13 verbose stack     at ChildProcess.emit (events.js:172:7)
13 verbose stack     at maybeClose (internal/child_process.js:821:16)
13 verbose stack     at Process.ChildProcess._handle.onexit (internal/child_process.js:211:5)
14 verbose pkgid org.openhab.ui.basic@0.11.0
15 verbose cwd /Users/kai/Documents/dev/openhab2-full/git/openhab2-addons/addons/ui/org.openhab.ui.basic
16 error Darwin 18.0.0
17 error argv "/Users/kai/Documents/dev/openhab2-full/git/openhab2-addons/addons/ui/org.openhab.ui.basic/node/node" "/Users/kai/Documents/dev/openhab2-full/git/openhab2-addons/addons/ui/org.openhab.ui.basic/node/node_modules/npm/bin/npm-cli.js" "run" "build"
18 error node v5.4.0
19 error npm  v3.3.12
20 error file sh
21 error code ELIFECYCLE
22 error errno ENOENT
23 error syscall spawn
24 error org.openhab.ui.basic@0.11.0 build: `gulp default`
24 error spawn ENOENT
25 error Failed at the org.openhab.ui.basic@0.11.0 build script 'gulp default'.
25 error Make sure you have the latest version of node.js and npm installed.
25 error If you do, this is most likely a problem with the org.openhab.ui.basic package,
25 error not with npm itself.
25 error Tell the author that this fails on your system:
25 error     gulp default
25 error You can get their info via:
25 error     npm owner ls org.openhab.ui.basic
25 error There is likely additional logging output above.
26 verbose exit [ 1, true ]
