#
# A fatal error has been detected by the Java Runtime Environment:
#
#  EXCEPTION_ACCESS_VIOLATION (0xc0000005) at pc=0x00007ffddcd0bffa, pid=10872, tid=11804
#
# JRE version: Java(TM) SE Runtime Environment (17.0.1+12) (build 17.0.1+12-LTS-39)
# Java VM: Java HotSpot(TM) 64-Bit Server VM (17.0.1+12-LTS-39, mixed mode, sharing, tiered, compressed oops, compressed class ptrs, g1 gc, windows-amd64)
# Problematic frame:
# V  [jvm.dll+0x73bffa]
#
# No core dump will be written. Minidumps are not enabled by default on client versions of Windows
#
# If you would like to submit a bug report, please visit:
#   https://bugreport.java.com/bugreport/crash.jsp
#

---------------  S U M M A R Y ------------

Command Line: -agentlib:jdwp=transport=dt_socket,suspend=y,address=localhost:3655 -ea -javaagent:E:\dev\openhab-main\eclipse\configuration\org.eclipse.osgi\436\0\.cp\lib\javaagent-shaded.jar -Dfile.encoding=UTF-8 org.eclipse.jdt.internal.junit.runner.RemoteTestRunner -version 3 -port 3654 -testLoaderClass org.eclipse.jdt.internal.junit5.runner.JUnit5TestLoader -loaderpluginname org.eclipse.jdt.junit5.runtime -classNames org.openhab.binding.boschspexor.internal.api.service.auth.SpexorAuthorizationServiceTest

Host: Intel(R) Core(TM) i7-7800X CPU @ 3.50GHz, 12 cores, 15G,  Windows 10 , 64 bit Build 19041 (10.0.19041.1348)
Time: Wed Nov 17 17:02:59 2021 Mitteleuropäische Zeit elapsed time: 162.106683 seconds (0d 0h 2m 42s)

---------------  T H R E A D  ---------------

Current thread (0x000001554d7fc870):  JavaThread "JDWP Transport Listener: dt_socket" daemon [_thread_in_vm, id=11804, stack(0x000000138c100000,0x000000138c200000)]

Stack: [0x000000138c100000,0x000000138c200000],  sp=0x000000138c1ff300,  free space=1020k
Native frames: (J=compiled Java code, j=interpreted, Vv=VM code, C=native code)
V  [jvm.dll+0x73bffa]
V  [jvm.dll+0x50483c]
V  [jvm.dll+0x4d0154]
C  [jdwp.dll+0x22e9f]


siginfo: EXCEPTION_ACCESS_VIOLATION (0xc0000005), reading address 0x0000000000560021


Register to memory mapping:

RIP=0x00007ffddcd0bffa jvm.dll
RAX=0x0000000000000057 is an unknown value
RBX=0x000001554cb08dad points into unknown readable memory: 62 69 6e
RCX=0x000000000056001d is an unknown value
RDX=0x000001554f27eb80 points into unknown readable memory: 0x65706f2f67726f4c | 4c 6f 72 67 2f 6f 70 65
RSP=0x000000138c1ff300 is pointing into the stack for thread: 0x000001554d7fc870
RBP=0x000001554d8262b0 points into unknown readable memory: 0x0043005000000002 | 02 00 00 00 50 00 43 00
RSI=0x0 is NULL
RDI=0xffffffffffffffff is an unknown value
R8 =0x00000000000000bd is an unknown value
R9 =0x0000000000000040 is an unknown value
R10=0x0000000000000080 is an unknown value
R11=0x000000138c1ff320 is pointing into the stack for thread: 0x000001554d7fc870
R12=0x000000138c1ff458 is pointing into the stack for thread: 0x000001554d7fc870
R13=0x0 is NULL
R14=0x0000000800de9ab8 is a pointer to class: 
org.openhab.binding.boschspexor.internal.api.service.auth.SpexorAuthorizationServiceTest$1 {0x0000000800de9ac0}
 - instance size:     2
 - klass size:        70
 - access:            synchronized 
 - state:             fully_initialized
 - name:              'org/openhab/binding/boschspexor/internal/api/service/auth/SpexorAuthorizationServiceTest$1'
 - super:             'java/lang/Object'
 - sub:               
 - arrays:            NULL
 - methods:           Array<T>(0x0000015550c23e58)
 - method ordering:   Array<T>(0x0000015550c240d8)
 - default_methods:   Array<T>(0x0000000000000000)
 - local interfaces:  Array<T>(0x0000015550aeb638)
 - trans. interfaces: Array<T>(0x0000015550aeb638)
 - constants:         constant pool [93] {0x0000015550c24798} for 'org/openhab/binding/boschspexor/internal/api/service/auth/SpexorAuthorizationServiceTest$1' cache=0x0000015550c24b18
 - class loader data:  loader data: 0x000001554d5c2890 for instance a 'jdk/internal/loader/ClassLoaders$AppClassLoader'{0x00000007052fb400}
 - source file:       'SpexorAuthorizationServiceTest.java'
 - class annotations:       Array<T>(0x0000000000000000)
 - class type annotations:  Array<T>(0x0000000000000000)
 - field annotations:       Array<T>(0x0000000000000000)
 - field type annotations:  Array<T>(0x0000000000000000)
 - generic signature: '
[error occurred during error reporting (printing register info), id 0xc0000005, EXCEPTION_ACCESS_VIOLATION (0xc0000005) at pc=0x00007ffddcd0cc06]

Registers:
RAX=0x0000000000000057, RBX=0x000001554cb08dad, RCX=0x000000000056001d, RDX=0x000001554f27eb80
RSP=0x000000138c1ff300, RBP=0x000001554d8262b0, RSI=0x0000000000000000, RDI=0xffffffffffffffff
R8 =0x00000000000000bd, R9 =0x0000000000000040, R10=0x0000000000000080, R11=0x000000138c1ff320
R12=0x000000138c1ff458, R13=0x0000000000000000, R14=0x0000000800de9ab8, R15=0x000000138c1ff480
RIP=0x00007ffddcd0bffa, EFLAGS=0x0000000000010206

Top of Stack: (sp=0x000000138c1ff300)
0x000000138c1ff300:   000000000000005a 0000000800de9ab8
0x000000138c1ff310:   000001554f6d1880 00007ffe442f47b1
0x000000138c1ff320:   ffffffffffffffff 00007ffddcad483c
0x000000138c1ff330:   000001554cb08dad 000001554cb08d50
0x000000138c1ff340:   000001554d8262b0 0000000000000000
0x000000138c1ff350:   000001554cb08ce0 00000000000003d8
0x000000138c1ff360:   000001554cb08cf0 000001554cb090c8
0x000000138c1ff370:   0000000000007b01 000000138c1ff458
0x000000138c1ff380:   0000000000000007 000001554d7fcb18
0x000000138c1ff390:   0000000711d4a6e8 00007ffddcaa0154
0x000000138c1ff3a0:   000001554d7fc870 000000138c1ff480
0x000000138c1ff3b0:   0000015529c0eaa0 000000138c1ff480
0x000000138c1ff3c0:   000001554d7fc870 0000000000000000
0x000000138c1ff3d0:   0000000000000000 0000000000000000
0x000000138c1ff3e0:   000001554d7f9898 00007ffe2c4d2e9f
0x000000138c1ff3f0:   000000138c1ff478 00007ffe2c4e1830 

Instructions: (pc=0x00007ffddcd0bffa)
0x00007ffddcd0befa:   48 83 c4 20 5f e9 cc 86 96 ff cc cc cc cc cc cc
0x00007ffddcd0bf0a:   cc cc cc cc cc cc 48 89 5c 24 08 57 48 83 ec 20
0x00007ffddcd0bf1a:   83 fa 02 8d 42 06 b9 08 00 00 00 49 8b d8 0f 4e
0x00007ffddcd0bf2a:   c1 48 63 c8 48 83 c1 07 83 e1 f8 48 63 f9 49 8b
0x00007ffddcd0bf3a:   48 18 48 8b c7 48 f7 d0 48 3b c1 73 16 4c 8d 05
0x00007ffddcd0bf4a:   7a 47 17 00 48 8b d7 48 8b cb e8 d7 e9 96 ff 48
0x00007ffddcd0bf5a:   8b 4b 18 48 8d 04 39 48 3b 43 20 76 18 45 33 c0
0x00007ffddcd0bf6a:   48 8b d7 48 8b cb 48 8b 5c 24 30 48 83 c4 20 5f
0x00007ffddcd0bf7a:   e9 31 e6 96 ff 48 89 43 18 48 8b c1 48 8b 5c 24
0x00007ffddcd0bf8a:   30 48 83 c4 20 5f c3 cc cc cc cc cc cc cc cc cc
0x00007ffddcd0bf9a:   cc cc cc cc cc cc 4c 8b d2 4c 8b d9 45 85 c0 7e
0x00007ffddcd0bfaa:   3c 44 0f b7 49 04 41 8d 40 ff 41 3b c1 44 0f 4c
0x00007ffddcd0bfba:   c8 4d 63 c1 45 85 c9 7e 1f 48 8b c2 4c 2b da 49
0x00007ffddcd0bfca:   8b d0 0f 1f 40 00 41 0f b6 4c 03 06 88 08 48 8d
0x00007ffddcd0bfda:   40 01 48 83 ea 01 75 ee 43 c6 04 10 00 49 8b c2
0x00007ffddcd0bfea:   c3 cc cc cc cc cc 48 89 5c 24 08 57 48 83 ec 20
0x00007ffddcd0bffa:   0f b7 59 04 48 8b f9 33 d2 48 8d 4b 01 e8 14 9b
0x00007ffddcd0c00a:   f8 ff 0f b7 57 04 4c 8b c0 3b da 0f 42 d3 44 8b
0x00007ffddcd0c01a:   ca 85 d2 74 39 48 2b f8 0f 1f 40 00 66 66 0f 1f
0x00007ffddcd0c02a:   84 00 00 00 00 00 0f b6 4c 07 06 88 08 48 ff c0
0x00007ffddcd0c03a:   48 8b c8 49 2b c8 49 3b c9 7c eb 42 c6 04 02 00
0x00007ffddcd0c04a:   49 8b c0 48 8b 5c 24 30 48 83 c4 20 5f c3 48 8b
0x00007ffddcd0c05a:   5c 24 30 c6 04 02 00 48 83 c4 20 5f c3 cc cc cc
0x00007ffddcd0c06a:   cc cc cc cc cc cc 4c 8b d1 45 85 c0 7e 6c 44 0f
0x00007ffddcd0c07a:   b7 49 04 41 8d 40 ff 41 3b c1 44 0f 4c c8 4d 63
0x00007ffddcd0c08a:   d9 45 85 c9 7e 22 48 8b ca 4c 2b d2 4d 8b c3 0f
0x00007ffddcd0c09a:   1f 80 00 00 00 00 41 0f b6 44 0a 06 88 01 48 8d
0x00007ffddcd0c0aa:   49 01 49 83 e8 01 75 ee 41 c6 04 13 00 48 c7 c0
0x00007ffddcd0c0ba:   ff ff ff ff 66 90 48 ff c0 80 3c 02 00 75 f7 48
0x00007ffddcd0c0ca:   63 c8 85 c0 48 8b c2 7e 14 80 38 2f 75 03 c6 00
0x00007ffddcd0c0da:   2e 48 ff c0 48 83 e9 01 75 ef 48 8b c2 c3 cc cc
0x00007ffddcd0c0ea:   cc cc cc cc cc cc 48 83 ec 28 e8 f7 fe ff ff 4c 


Stack slot to memory mapping:
stack at sp + 0 slots: 0x000000000000005a is an unknown value
stack at sp + 1 slots: 0x0000000800de9ab8 is a pointer to class: 
org.openhab.binding.boschspexor.internal.api.service.auth.SpexorAuthorizationServiceTest$1 {0x0000000800de9ac0}
 - instance size:     2
 - klass size:        70
 - access:            synchronized 
 - state:             fully_initialized
 - name:              'org/openhab/binding/boschspexor/internal/api/service/auth/SpexorAuthorizationServiceTest$1'
 - super:             'java/lang/Object'
 - sub:               
 - arrays:            NULL
 - methods:           Array<T>(0x0000015550c23e58)
 - method ordering:   Array<T>(0x0000015550c240d8)
 - default_methods:   Array<T>(0x0000000000000000)
 - local interfaces:  Array<T>(0x0000015550aeb638)
 - trans. interfaces: Array<T>(0x0000015550aeb638)
 - constants:         constant pool [93] {0x0000015550c24798} for 'org/openhab/binding/boschspexor/internal/api/service/auth/SpexorAuthorizationServiceTest$1' cache=0x0000015550c24b18
 - class loader data:  loader data: 0x000001554d5c2890 for instance a 'jdk/internal/loader/ClassLoaders$AppClassLoader'{0x00000007052fb400}
 - source file:       'SpexorAuthorizationServiceTest.java'
 - class annotations:       Array<T>(0x0000000000000000)
 - class type annotations:  Array<T>(0x0000000000000000)
 - field annotations:       Array<T>(0x0000000000000000)
 - field type annotations:  Array<T>(0x0000000000000000)
 - generic signature: '
[error occurred during error reporting (inspecting top of stack), id 0xc0000005, EXCEPTION_ACCESS_VIOLATION (0xc0000005) at pc=0x00007ffddcd0cc06]


---------------  P R O C E S S  ---------------

Threads class SMR info:
_java_thread_list=0x000001554f4f9050, length=16, elements={
0x0000015529c20f80, 0x000001554caf1430, 0x000001554caf2c70, 0x000001554cb033b0,
0x000001554cb03a80, 0x000001554cb06060, 0x000001554d538090, 0x000001554cb0b5b0,
0x000001554cb0dad0, 0x000001554cb0dfe0, 0x000001554cad9930, 0x000001554d7fc870,
0x000001554d816bf0, 0x000001554d8170e0, 0x000001554e4ddc50, 0x000001554eb42f60
}

Java Threads: ( => current thread )
  0x0000015529c20f80 JavaThread "main" [_thread_blocked, id=3340, stack(0x000000138af00000,0x000000138b000000)]
  0x000001554caf1430 JavaThread "Reference Handler" daemon [_thread_blocked, id=19720, stack(0x000000138b600000,0x000000138b700000)]
  0x000001554caf2c70 JavaThread "Finalizer" daemon [_thread_blocked, id=1460, stack(0x000000138b700000,0x000000138b800000)]
  0x000001554cb033b0 JavaThread "Signal Dispatcher" daemon [_thread_blocked, id=17388, stack(0x000000138b800000,0x000000138b900000)]
  0x000001554cb03a80 JavaThread "Attach Listener" daemon [_thread_blocked, id=17520, stack(0x000000138b900000,0x000000138ba00000)]
  0x000001554cb06060 JavaThread "Service Thread" daemon [_thread_blocked, id=13140, stack(0x000000138ba00000,0x000000138bb00000)]
  0x000001554d538090 JavaThread "Monitor Deflation Thread" daemon [_thread_blocked, id=16668, stack(0x000000138bb00000,0x000000138bc00000)]
  0x000001554cb0b5b0 JavaThread "C2 CompilerThread0" daemon [_thread_blocked, id=19564, stack(0x000000138bc00000,0x000000138bd00000)]
  0x000001554cb0dad0 JavaThread "C1 CompilerThread0" daemon [_thread_blocked, id=8176, stack(0x000000138bd00000,0x000000138be00000)]
  0x000001554cb0dfe0 JavaThread "Sweeper thread" daemon [_thread_blocked, id=6244, stack(0x000000138be00000,0x000000138bf00000)]
  0x000001554cad9930 JavaThread "Common-Cleaner" daemon [_thread_blocked, id=12096, stack(0x000000138bf00000,0x000000138c000000)]
=>0x000001554d7fc870 JavaThread "JDWP Transport Listener: dt_socket" daemon [_thread_in_vm, id=11804, stack(0x000000138c100000,0x000000138c200000)]
  0x000001554d816bf0 JavaThread "JDWP Event Helper Thread" daemon [_thread_blocked, id=9816, stack(0x000000138c200000,0x000000138c300000)]
  0x000001554d8170e0 JavaThread "JDWP Command Reader" daemon [_thread_in_native, id=13424, stack(0x000000138c300000,0x000000138c400000)]
  0x000001554e4ddc50 JavaThread "Notification Thread" daemon [_thread_blocked, id=19032, stack(0x000000138c500000,0x000000138c600000)]
  0x000001554eb42f60 JavaThread "ReaderThread" [_thread_in_native, id=13904, stack(0x000000138c700000,0x000000138c800000)]

Other Threads:
  0x000001554caeb910 VMThread "VM Thread" [stack: 0x000000138b500000,0x000000138b600000] [id=16952]
  0x0000015529c8e1c0 WatcherThread [stack: 0x000000138c600000,0x000000138c700000] [id=284]
  0x0000015529c70120 GCTaskThread "GC Thread#0" [stack: 0x000000138b000000,0x000000138b100000] [id=11168]
  0x000001554ef26c10 GCTaskThread "GC Thread#1" [stack: 0x000000138c800000,0x000000138c900000] [id=5572]
  0x000001554e831110 GCTaskThread "GC Thread#2" [stack: 0x000000138c900000,0x000000138ca00000] [id=15784]
  0x000001554e2aaa20 GCTaskThread "GC Thread#3" [stack: 0x000000138ca00000,0x000000138cb00000] [id=2396]
  0x000001554f3923c0 GCTaskThread "GC Thread#4" [stack: 0x000000138cb00000,0x000000138cc00000] [id=1592]
  0x000001554efdfe70 GCTaskThread "GC Thread#5" [stack: 0x000000138cc00000,0x000000138cd00000] [id=18688]
  0x000001554f1fc340 GCTaskThread "GC Thread#6" [stack: 0x000000138cd00000,0x000000138ce00000] [id=11088]
  0x000001554f1fc090 GCTaskThread "GC Thread#7" [stack: 0x000000138ce00000,0x000000138cf00000] [id=644]
  0x000001554f1fc8a0 GCTaskThread "GC Thread#8" [stack: 0x000000138cf00000,0x000000138d000000] [id=2236]
  0x000001554f1fcb50 GCTaskThread "GC Thread#9" [stack: 0x000000138d000000,0x000000138d100000] [id=11072]
  0x0000015529c81a80 ConcurrentGCThread "G1 Main Marker" [stack: 0x000000138b100000,0x000000138b200000] [id=12484]
  0x0000015529c82b40 ConcurrentGCThread "G1 Conc#0" [stack: 0x000000138b200000,0x000000138b300000] [id=6420]
  0x000001554c9a8510 ConcurrentGCThread "G1 Refine#0" [stack: 0x000000138b300000,0x000000138b400000] [id=4256]
  0x000001554c9a8950 ConcurrentGCThread "G1 Service" [stack: 0x000000138b400000,0x000000138b500000] [id=7220]

Threads with active compile tasks:

VM state: not at safepoint (normal execution)

VM Mutex/Monitor currently owned by a thread: None

Heap address: 0x0000000705000000, size: 4016 MB, Compressed Oops mode: Zero based, Oop shift amount: 3

CDS archive(s) mapped at: [0x0000000800000000-0x0000000800bc0000-0x0000000800bc0000), size 12320768, SharedBaseAddress: 0x0000000800000000, ArchiveRelocationMode: 0.
Compressed class space mapped at: 0x0000000800c00000-0x0000000840c00000, reserved size: 1073741824
Narrow klass base: 0x0000000800000000, Narrow klass shift: 0, Narrow klass range: 0x100000000

GC Precious Log:
 CPUs: 12 total, 12 available
 Memory: 16056M
 Large Page Support: Disabled
 NUMA Support: Disabled
 Compressed Oops: Enabled (Zero based)
 Heap Region Size: 2M
 Heap Min Capacity: 8M
 Heap Initial Capacity: 252M
 Heap Max Capacity: 4016M
 Pre-touch: Disabled
 Parallel Workers: 10
 Concurrent Workers: 3
 Concurrent Refinement Workers: 10
 Periodic GC: Disabled

Heap:
 garbage-first heap   total 258048K, used 57715K [0x0000000705000000, 0x0000000800000000)
  region size 2048K, 26 young (53248K), 1 survivors (2048K)
 Metaspace       used 13362K, committed 13568K, reserved 1064960K
  class space    used 1955K, committed 2048K, reserved 1048576K

Heap Regions: E=young(eden), S=young(survivor), O=old, HS=humongous(starts), HC=humongous(continues), CS=collection set, F=free, OA=open archive, CA=closed archive, TAMS=top-at-mark-start (previous, next)
|   0|0x0000000705000000, 0x0000000705200000, 0x0000000705200000|100%| O|  |TAMS 0x0000000705000000, 0x0000000705000000| Untracked 
|   1|0x0000000705200000, 0x0000000705400000, 0x0000000705400000|100%| O|  |TAMS 0x0000000705200000, 0x0000000705200000| Untracked 
|   2|0x0000000705400000, 0x0000000705600000, 0x0000000705600000|100%| O|  |TAMS 0x0000000705400000, 0x0000000705400000| Untracked 
|   3|0x0000000705600000, 0x0000000705734200, 0x0000000705800000| 60%| O|  |TAMS 0x0000000705600000, 0x0000000705600000| Untracked 
|   4|0x0000000705800000, 0x0000000705800000, 0x0000000705a00000|  0%| F|  |TAMS 0x0000000705800000, 0x0000000705800000| Untracked 
|   5|0x0000000705a00000, 0x0000000705a00000, 0x0000000705c00000|  0%| F|  |TAMS 0x0000000705a00000, 0x0000000705a00000| Untracked 
|   6|0x0000000705c00000, 0x0000000705c00000, 0x0000000705e00000|  0%| F|  |TAMS 0x0000000705c00000, 0x0000000705c00000| Untracked 
|   7|0x0000000705e00000, 0x0000000705e00000, 0x0000000706000000|  0%| F|  |TAMS 0x0000000705e00000, 0x0000000705e00000| Untracked 
|   8|0x0000000706000000, 0x0000000706000000, 0x0000000706200000|  0%| F|  |TAMS 0x0000000706000000, 0x0000000706000000| Untracked 
|   9|0x0000000706200000, 0x0000000706200000, 0x0000000706400000|  0%| F|  |TAMS 0x0000000706200000, 0x0000000706200000| Untracked 
|  10|0x0000000706400000, 0x0000000706400000, 0x0000000706600000|  0%| F|  |TAMS 0x0000000706400000, 0x0000000706400000| Untracked 
|  11|0x0000000706600000, 0x0000000706600000, 0x0000000706800000|  0%| F|  |TAMS 0x0000000706600000, 0x0000000706600000| Untracked 
|  12|0x0000000706800000, 0x0000000706800000, 0x0000000706a00000|  0%| F|  |TAMS 0x0000000706800000, 0x0000000706800000| Untracked 
|  13|0x0000000706a00000, 0x0000000706a00000, 0x0000000706c00000|  0%| F|  |TAMS 0x0000000706a00000, 0x0000000706a00000| Untracked 
|  14|0x0000000706c00000, 0x0000000706c00000, 0x0000000706e00000|  0%| F|  |TAMS 0x0000000706c00000, 0x0000000706c00000| Untracked 
|  15|0x0000000706e00000, 0x0000000706e00000, 0x0000000707000000|  0%| F|  |TAMS 0x0000000706e00000, 0x0000000706e00000| Untracked 
|  16|0x0000000707000000, 0x0000000707000000, 0x0000000707200000|  0%| F|  |TAMS 0x0000000707000000, 0x0000000707000000| Untracked 
|  17|0x0000000707200000, 0x0000000707200000, 0x0000000707400000|  0%| F|  |TAMS 0x0000000707200000, 0x0000000707200000| Untracked 
|  18|0x0000000707400000, 0x0000000707400000, 0x0000000707600000|  0%| F|  |TAMS 0x0000000707400000, 0x0000000707400000| Untracked 
|  19|0x0000000707600000, 0x0000000707600000, 0x0000000707800000|  0%| F|  |TAMS 0x0000000707600000, 0x0000000707600000| Untracked 
|  20|0x0000000707800000, 0x0000000707800000, 0x0000000707a00000|  0%| F|  |TAMS 0x0000000707800000, 0x0000000707800000| Untracked 
|  21|0x0000000707a00000, 0x0000000707a00000, 0x0000000707c00000|  0%| F|  |TAMS 0x0000000707a00000, 0x0000000707a00000| Untracked 
|  22|0x0000000707c00000, 0x0000000707c00000, 0x0000000707e00000|  0%| F|  |TAMS 0x0000000707c00000, 0x0000000707c00000| Untracked 
|  23|0x0000000707e00000, 0x0000000707e00000, 0x0000000708000000|  0%| F|  |TAMS 0x0000000707e00000, 0x0000000707e00000| Untracked 
|  24|0x0000000708000000, 0x0000000708000000, 0x0000000708200000|  0%| F|  |TAMS 0x0000000708000000, 0x0000000708000000| Untracked 
|  25|0x0000000708200000, 0x0000000708200000, 0x0000000708400000|  0%| F|  |TAMS 0x0000000708200000, 0x0000000708200000| Untracked 
|  26|0x0000000708400000, 0x0000000708400000, 0x0000000708600000|  0%| F|  |TAMS 0x0000000708400000, 0x0000000708400000| Untracked 
|  27|0x0000000708600000, 0x0000000708600000, 0x0000000708800000|  0%| F|  |TAMS 0x0000000708600000, 0x0000000708600000| Untracked 
|  28|0x0000000708800000, 0x0000000708800000, 0x0000000708a00000|  0%| F|  |TAMS 0x0000000708800000, 0x0000000708800000| Untracked 
|  29|0x0000000708a00000, 0x0000000708a00000, 0x0000000708c00000|  0%| F|  |TAMS 0x0000000708a00000, 0x0000000708a00000| Untracked 
|  30|0x0000000708c00000, 0x0000000708c00000, 0x0000000708e00000|  0%| F|  |TAMS 0x0000000708c00000, 0x0000000708c00000| Untracked 
|  31|0x0000000708e00000, 0x0000000708e00000, 0x0000000709000000|  0%| F|  |TAMS 0x0000000708e00000, 0x0000000708e00000| Untracked 
|  32|0x0000000709000000, 0x0000000709000000, 0x0000000709200000|  0%| F|  |TAMS 0x0000000709000000, 0x0000000709000000| Untracked 
|  33|0x0000000709200000, 0x0000000709200000, 0x0000000709400000|  0%| F|  |TAMS 0x0000000709200000, 0x0000000709200000| Untracked 
|  34|0x0000000709400000, 0x0000000709400000, 0x0000000709600000|  0%| F|  |TAMS 0x0000000709400000, 0x0000000709400000| Untracked 
|  35|0x0000000709600000, 0x0000000709600000, 0x0000000709800000|  0%| F|  |TAMS 0x0000000709600000, 0x0000000709600000| Untracked 
|  36|0x0000000709800000, 0x0000000709800000, 0x0000000709a00000|  0%| F|  |TAMS 0x0000000709800000, 0x0000000709800000| Untracked 
|  37|0x0000000709a00000, 0x0000000709a00000, 0x0000000709c00000|  0%| F|  |TAMS 0x0000000709a00000, 0x0000000709a00000| Untracked 
|  38|0x0000000709c00000, 0x0000000709c00000, 0x0000000709e00000|  0%| F|  |TAMS 0x0000000709c00000, 0x0000000709c00000| Untracked 
|  39|0x0000000709e00000, 0x0000000709e00000, 0x000000070a000000|  0%| F|  |TAMS 0x0000000709e00000, 0x0000000709e00000| Untracked 
|  40|0x000000070a000000, 0x000000070a000000, 0x000000070a200000|  0%| F|  |TAMS 0x000000070a000000, 0x000000070a000000| Untracked 
|  41|0x000000070a200000, 0x000000070a200000, 0x000000070a400000|  0%| F|  |TAMS 0x000000070a200000, 0x000000070a200000| Untracked 
|  42|0x000000070a400000, 0x000000070a400000, 0x000000070a600000|  0%| F|  |TAMS 0x000000070a400000, 0x000000070a400000| Untracked 
|  43|0x000000070a600000, 0x000000070a600000, 0x000000070a800000|  0%| F|  |TAMS 0x000000070a600000, 0x000000070a600000| Untracked 
|  44|0x000000070a800000, 0x000000070a800000, 0x000000070aa00000|  0%| F|  |TAMS 0x000000070a800000, 0x000000070a800000| Untracked 
|  45|0x000000070aa00000, 0x000000070aa00000, 0x000000070ac00000|  0%| F|  |TAMS 0x000000070aa00000, 0x000000070aa00000| Untracked 
|  46|0x000000070ac00000, 0x000000070ac00000, 0x000000070ae00000|  0%| F|  |TAMS 0x000000070ac00000, 0x000000070ac00000| Untracked 
|  47|0x000000070ae00000, 0x000000070ae00000, 0x000000070b000000|  0%| F|  |TAMS 0x000000070ae00000, 0x000000070ae00000| Untracked 
|  48|0x000000070b000000, 0x000000070b000000, 0x000000070b200000|  0%| F|  |TAMS 0x000000070b000000, 0x000000070b000000| Untracked 
|  49|0x000000070b200000, 0x000000070b200000, 0x000000070b400000|  0%| F|  |TAMS 0x000000070b200000, 0x000000070b200000| Untracked 
|  50|0x000000070b400000, 0x000000070b400000, 0x000000070b600000|  0%| F|  |TAMS 0x000000070b400000, 0x000000070b400000| Untracked 
|  51|0x000000070b600000, 0x000000070b600000, 0x000000070b800000|  0%| F|  |TAMS 0x000000070b600000, 0x000000070b600000| Untracked 
|  52|0x000000070b800000, 0x000000070b800000, 0x000000070ba00000|  0%| F|  |TAMS 0x000000070b800000, 0x000000070b800000| Untracked 
|  53|0x000000070ba00000, 0x000000070ba00000, 0x000000070bc00000|  0%| F|  |TAMS 0x000000070ba00000, 0x000000070ba00000| Untracked 
|  54|0x000000070bc00000, 0x000000070bc00000, 0x000000070be00000|  0%| F|  |TAMS 0x000000070bc00000, 0x000000070bc00000| Untracked 
|  55|0x000000070be00000, 0x000000070be00000, 0x000000070c000000|  0%| F|  |TAMS 0x000000070be00000, 0x000000070be00000| Untracked 
|  56|0x000000070c000000, 0x000000070c000000, 0x000000070c200000|  0%| F|  |TAMS 0x000000070c000000, 0x000000070c000000| Untracked 
|  57|0x000000070c200000, 0x000000070c200000, 0x000000070c400000|  0%| F|  |TAMS 0x000000070c200000, 0x000000070c200000| Untracked 
|  58|0x000000070c400000, 0x000000070c400000, 0x000000070c600000|  0%| F|  |TAMS 0x000000070c400000, 0x000000070c400000| Untracked 
|  59|0x000000070c600000, 0x000000070c600000, 0x000000070c800000|  0%| F|  |TAMS 0x000000070c600000, 0x000000070c600000| Untracked 
|  60|0x000000070c800000, 0x000000070c800000, 0x000000070ca00000|  0%| F|  |TAMS 0x000000070c800000, 0x000000070c800000| Untracked 
|  61|0x000000070ca00000, 0x000000070ca00000, 0x000000070cc00000|  0%| F|  |TAMS 0x000000070ca00000, 0x000000070ca00000| Untracked 
|  62|0x000000070cc00000, 0x000000070cc00000, 0x000000070ce00000|  0%| F|  |TAMS 0x000000070cc00000, 0x000000070cc00000| Untracked 
|  63|0x000000070ce00000, 0x000000070ce00000, 0x000000070d000000|  0%| F|  |TAMS 0x000000070ce00000, 0x000000070ce00000| Untracked 
|  64|0x000000070d000000, 0x000000070d000000, 0x000000070d200000|  0%| F|  |TAMS 0x000000070d000000, 0x000000070d000000| Untracked 
|  65|0x000000070d200000, 0x000000070d200000, 0x000000070d400000|  0%| F|  |TAMS 0x000000070d200000, 0x000000070d200000| Untracked 
|  66|0x000000070d400000, 0x000000070d400000, 0x000000070d600000|  0%| F|  |TAMS 0x000000070d400000, 0x000000070d400000| Untracked 
|  67|0x000000070d600000, 0x000000070d600000, 0x000000070d800000|  0%| F|  |TAMS 0x000000070d600000, 0x000000070d600000| Untracked 
|  68|0x000000070d800000, 0x000000070d800000, 0x000000070da00000|  0%| F|  |TAMS 0x000000070d800000, 0x000000070d800000| Untracked 
|  69|0x000000070da00000, 0x000000070da00000, 0x000000070dc00000|  0%| F|  |TAMS 0x000000070da00000, 0x000000070da00000| Untracked 
|  70|0x000000070dc00000, 0x000000070dc00000, 0x000000070de00000|  0%| F|  |TAMS 0x000000070dc00000, 0x000000070dc00000| Untracked 
|  71|0x000000070de00000, 0x000000070de00000, 0x000000070e000000|  0%| F|  |TAMS 0x000000070de00000, 0x000000070de00000| Untracked 
|  72|0x000000070e000000, 0x000000070e000000, 0x000000070e200000|  0%| F|  |TAMS 0x000000070e000000, 0x000000070e000000| Untracked 
|  73|0x000000070e200000, 0x000000070e200000, 0x000000070e400000|  0%| F|  |TAMS 0x000000070e200000, 0x000000070e200000| Untracked 
|  74|0x000000070e400000, 0x000000070e400000, 0x000000070e600000|  0%| F|  |TAMS 0x000000070e400000, 0x000000070e400000| Untracked 
|  75|0x000000070e600000, 0x000000070e600000, 0x000000070e800000|  0%| F|  |TAMS 0x000000070e600000, 0x000000070e600000| Untracked 
|  76|0x000000070e800000, 0x000000070e800000, 0x000000070ea00000|  0%| F|  |TAMS 0x000000070e800000, 0x000000070e800000| Untracked 
|  77|0x000000070ea00000, 0x000000070ea00000, 0x000000070ec00000|  0%| F|  |TAMS 0x000000070ea00000, 0x000000070ea00000| Untracked 
|  78|0x000000070ec00000, 0x000000070ec00000, 0x000000070ee00000|  0%| F|  |TAMS 0x000000070ec00000, 0x000000070ec00000| Untracked 
|  79|0x000000070ee00000, 0x000000070ee00000, 0x000000070f000000|  0%| F|  |TAMS 0x000000070ee00000, 0x000000070ee00000| Untracked 
|  80|0x000000070f000000, 0x000000070f000000, 0x000000070f200000|  0%| F|  |TAMS 0x000000070f000000, 0x000000070f000000| Untracked 
|  81|0x000000070f200000, 0x000000070f200000, 0x000000070f400000|  0%| F|  |TAMS 0x000000070f200000, 0x000000070f200000| Untracked 
|  82|0x000000070f400000, 0x000000070f400000, 0x000000070f600000|  0%| F|  |TAMS 0x000000070f400000, 0x000000070f400000| Untracked 
|  83|0x000000070f600000, 0x000000070f600000, 0x000000070f800000|  0%| F|  |TAMS 0x000000070f600000, 0x000000070f600000| Untracked 
|  84|0x000000070f800000, 0x000000070f800000, 0x000000070fa00000|  0%| F|  |TAMS 0x000000070f800000, 0x000000070f800000| Untracked 
|  85|0x000000070fa00000, 0x000000070fa00000, 0x000000070fc00000|  0%| F|  |TAMS 0x000000070fa00000, 0x000000070fa00000| Untracked 
|  86|0x000000070fc00000, 0x000000070fc00000, 0x000000070fe00000|  0%| F|  |TAMS 0x000000070fc00000, 0x000000070fc00000| Untracked 
|  87|0x000000070fe00000, 0x000000070fe00000, 0x0000000710000000|  0%| F|  |TAMS 0x000000070fe00000, 0x000000070fe00000| Untracked 
|  88|0x0000000710000000, 0x0000000710000000, 0x0000000710200000|  0%| F|  |TAMS 0x0000000710000000, 0x0000000710000000| Untracked 
|  89|0x0000000710200000, 0x0000000710200000, 0x0000000710400000|  0%| F|  |TAMS 0x0000000710200000, 0x0000000710200000| Untracked 
|  90|0x0000000710400000, 0x0000000710400000, 0x0000000710600000|  0%| F|  |TAMS 0x0000000710400000, 0x0000000710400000| Untracked 
|  91|0x0000000710600000, 0x0000000710600000, 0x0000000710800000|  0%| F|  |TAMS 0x0000000710600000, 0x0000000710600000| Untracked 
|  92|0x0000000710800000, 0x0000000710800000, 0x0000000710a00000|  0%| F|  |TAMS 0x0000000710800000, 0x0000000710800000| Untracked 
|  93|0x0000000710a00000, 0x0000000710a00000, 0x0000000710c00000|  0%| F|  |TAMS 0x0000000710a00000, 0x0000000710a00000| Untracked 
|  94|0x0000000710c00000, 0x0000000710c00000, 0x0000000710e00000|  0%| F|  |TAMS 0x0000000710c00000, 0x0000000710c00000| Untracked 
|  95|0x0000000710e00000, 0x0000000710e00000, 0x0000000711000000|  0%| F|  |TAMS 0x0000000710e00000, 0x0000000710e00000| Untracked 
|  96|0x0000000711000000, 0x0000000711000000, 0x0000000711200000|  0%| F|  |TAMS 0x0000000711000000, 0x0000000711000000| Untracked 
|  97|0x0000000711200000, 0x0000000711200000, 0x0000000711400000|  0%| F|  |TAMS 0x0000000711200000, 0x0000000711200000| Untracked 
|  98|0x0000000711400000, 0x0000000711400000, 0x0000000711600000|  0%| F|  |TAMS 0x0000000711400000, 0x0000000711400000| Untracked 
|  99|0x0000000711600000, 0x0000000711600000, 0x0000000711800000|  0%| F|  |TAMS 0x0000000711600000, 0x0000000711600000| Untracked 
| 100|0x0000000711800000, 0x0000000711800800, 0x0000000711a00000|  0%| E|  |TAMS 0x0000000711800000, 0x0000000711800000| Complete 
| 101|0x0000000711a00000, 0x0000000711c00000, 0x0000000711c00000|100%| E|CS|TAMS 0x0000000711a00000, 0x0000000711a00000| Complete 
| 102|0x0000000711c00000, 0x0000000711e00000, 0x0000000711e00000|100%| E|CS|TAMS 0x0000000711c00000, 0x0000000711c00000| Complete 
| 103|0x0000000711e00000, 0x0000000712000000, 0x0000000712000000|100%| E|CS|TAMS 0x0000000711e00000, 0x0000000711e00000| Complete 
| 104|0x0000000712000000, 0x0000000712200000, 0x0000000712200000|100%| E|CS|TAMS 0x0000000712000000, 0x0000000712000000| Complete 
| 105|0x0000000712200000, 0x0000000712400000, 0x0000000712400000|100%| E|CS|TAMS 0x0000000712200000, 0x0000000712200000| Complete 
| 106|0x0000000712400000, 0x0000000712600000, 0x0000000712600000|100%| E|CS|TAMS 0x0000000712400000, 0x0000000712400000| Complete 
| 107|0x0000000712600000, 0x0000000712800000, 0x0000000712800000|100%| E|CS|TAMS 0x0000000712600000, 0x0000000712600000| Complete 
| 108|0x0000000712800000, 0x0000000712a00000, 0x0000000712a00000|100%| E|CS|TAMS 0x0000000712800000, 0x0000000712800000| Complete 
| 109|0x0000000712a00000, 0x0000000712c00000, 0x0000000712c00000|100%| E|CS|TAMS 0x0000000712a00000, 0x0000000712a00000| Complete 
| 110|0x0000000712c00000, 0x0000000712e00000, 0x0000000712e00000|100%| E|CS|TAMS 0x0000000712c00000, 0x0000000712c00000| Complete 
| 111|0x0000000712e00000, 0x0000000713000000, 0x0000000713000000|100%| E|CS|TAMS 0x0000000712e00000, 0x0000000712e00000| Complete 
| 112|0x0000000713000000, 0x0000000713128bc8, 0x0000000713200000| 57%| S|CS|TAMS 0x0000000713000000, 0x0000000713000000| Complete 
| 113|0x0000000713200000, 0x0000000713400000, 0x0000000713400000|100%| E|CS|TAMS 0x0000000713200000, 0x0000000713200000| Complete 
| 114|0x0000000713400000, 0x0000000713600000, 0x0000000713600000|100%| E|CS|TAMS 0x0000000713400000, 0x0000000713400000| Complete 
| 115|0x0000000713600000, 0x0000000713800000, 0x0000000713800000|100%| E|CS|TAMS 0x0000000713600000, 0x0000000713600000| Complete 
| 116|0x0000000713800000, 0x0000000713a00000, 0x0000000713a00000|100%| E|CS|TAMS 0x0000000713800000, 0x0000000713800000| Complete 
| 117|0x0000000713a00000, 0x0000000713c00000, 0x0000000713c00000|100%| E|CS|TAMS 0x0000000713a00000, 0x0000000713a00000| Complete 
| 118|0x0000000713c00000, 0x0000000713e00000, 0x0000000713e00000|100%| E|CS|TAMS 0x0000000713c00000, 0x0000000713c00000| Complete 
| 119|0x0000000713e00000, 0x0000000714000000, 0x0000000714000000|100%| E|CS|TAMS 0x0000000713e00000, 0x0000000713e00000| Complete 
| 120|0x0000000714000000, 0x0000000714200000, 0x0000000714200000|100%| E|CS|TAMS 0x0000000714000000, 0x0000000714000000| Complete 
| 121|0x0000000714200000, 0x0000000714400000, 0x0000000714400000|100%| E|CS|TAMS 0x0000000714200000, 0x0000000714200000| Complete 
| 122|0x0000000714400000, 0x0000000714600000, 0x0000000714600000|100%| E|CS|TAMS 0x0000000714400000, 0x0000000714400000| Complete 
| 123|0x0000000714600000, 0x0000000714800000, 0x0000000714800000|100%| E|CS|TAMS 0x0000000714600000, 0x0000000714600000| Complete 
| 124|0x0000000714800000, 0x0000000714a00000, 0x0000000714a00000|100%| E|CS|TAMS 0x0000000714800000, 0x0000000714800000| Complete 
| 125|0x0000000714a00000, 0x0000000714c00000, 0x0000000714c00000|100%| E|CS|TAMS 0x0000000714a00000, 0x0000000714a00000| Complete 

Card table byte_map: [0x0000015541130000,0x0000015541910000] _byte_map_base: 0x000001553d908000

Marking Bits (Prev, Next): (CMBitMap*) 0x0000015529c71650, (CMBitMap*) 0x0000015529c71690
 Prev Bits: [0x00000155420f0000, 0x0000015545fb0000)
 Next Bits: [0x0000015545fb0000, 0x0000015549e70000)

Polling page: 0x00000155278a0000

Metaspace:

Usage:
  Non-class:     11.14 MB used.
      Class:      1.91 MB used.
       Both:     13.05 MB used.

Virtual space:
  Non-class space:       16.00 MB reserved,      11.25 MB ( 70%) committed,  2 nodes.
      Class space:        1.00 GB reserved,       2.00 MB ( <1%) committed,  1 nodes.
             Both:        1.02 GB reserved,      13.25 MB (  1%) committed. 

Chunk freelists:
   Non-Class:  3.84 MB
       Class:  2.03 MB
        Both:  5.88 MB

MaxMetaspaceSize: unlimited
CompressedClassSpaceSize: 1.00 GB
Initial GC threshold: 21.00 MB
Current GC threshold: 21.00 MB
CDS: on
MetaspaceReclaimPolicy: balanced
 - commit_granule_bytes: 65536.
 - commit_granule_words: 8192.
 - virtual_space_node_default_size: 1048576.
 - enlarge_chunks_in_place: 1.
 - new_chunks_are_fully_committed: 0.
 - uncommit_free_chunks: 1.
 - use_allocation_guard: 0.
 - handle_deallocations: 1.


Internal statistics:

num_allocs_failed_limit: 0.
num_arena_births: 120.
num_arena_deaths: 0.
num_vsnodes_births: 3.
num_vsnodes_deaths: 0.
num_space_committed: 212.
num_space_uncommitted: 0.
num_chunks_returned_to_freelist: 0.
num_chunks_taken_from_freelist: 531.
num_chunk_merges: 0.
num_chunk_splits: 338.
num_chunks_enlarged: 243.
num_purges: 0.
num_inconsistent_stats: 0.

CodeHeap 'non-profiled nmethods': size=120000Kb used=1132Kb max_used=1132Kb free=118867Kb
 bounds [0x0000015538ed0000, 0x0000015539140000, 0x0000015540400000]
CodeHeap 'profiled nmethods': size=120000Kb used=4895Kb max_used=4895Kb free=115104Kb
 bounds [0x00000155319a0000, 0x0000015531e70000, 0x0000015538ed0000]
CodeHeap 'non-nmethods': size=5760Kb used=1235Kb max_used=1294Kb free=4524Kb
 bounds [0x0000015531400000, 0x0000015531670000, 0x00000155319a0000]
 total_blobs=2990 nmethods=2539 adapters=362
 compilation: enabled
              stopped_count=0, restarted_count=0
 full_count=0

Compilation events (20 events):
Event: 1.615 Thread 0x000001554cb0dad0 2533       3       java.util.stream.Sink$ChainedReference::end (10 bytes)
Event: 1.616 Thread 0x000001554cb0dad0 nmethod 2533 0x0000015531e65490 code [0x0000015531e65640, 0x0000015531e65828]
Event: 1.616 Thread 0x000001554cb0dad0 2535       3       java.lang.ModuleLayer::boot (4 bytes)
Event: 1.616 Thread 0x000001554cb0dad0 nmethod 2535 0x0000015531e65910 code [0x0000015531e65aa0, 0x0000015531e65b98]
Event: 1.616 Thread 0x000001554cb0dad0 2536       3       java.lang.StackTraceElement::<init> (10 bytes)
Event: 1.616 Thread 0x000001554cb0dad0 nmethod 2536 0x0000015531e65c10 code [0x0000015531e65da0, 0x0000015531e65f18]
Event: 1.616 Thread 0x000001554cb0dad0 2537  s!   3       java.lang.StackTraceElement::computeFormat (71 bytes)
Event: 1.616 Thread 0x000001554cb0dad0 nmethod 2537 0x0000015531e66010 code [0x0000015531e66220, 0x0000015531e66b38]
Event: 1.616 Thread 0x000001554cb0dad0 2538       3       java.lang.StackTraceElement::isHashedInJavaBase (31 bytes)
Event: 1.617 Thread 0x000001554cb0dad0 nmethod 2538 0x0000015531e66e90 code [0x0000015531e67080, 0x0000015531e67598]
Event: 1.617 Thread 0x000001554cb0dad0 2539       3       java.lang.Module::getLayer (43 bytes)
Event: 1.617 Thread 0x000001554cb0b5b0 nmethod 2528 0x0000015538fe9d90 code [0x0000015538fe9f00, 0x0000015538fea1b8]
Event: 1.617 Thread 0x000001554cb0dad0 nmethod 2539 0x0000015531e67710 code [0x0000015531e678e0, 0x0000015531e67cc8]
Event: 1.617 Thread 0x000001554cb0dad0 2530       1       java.util.Collections$EmptyMap::get (2 bytes)
Event: 1.617 Thread 0x000001554cb0dad0 nmethod 2530 0x0000015538fea290 code [0x0000015538fea420, 0x0000015538fea4f8]
Event: 1.617 Thread 0x000001554cb0dad0 2534       1       java.util.stream.ReduceOps$Box::get (5 bytes)
Event: 1.617 Thread 0x000001554cb0dad0 nmethod 2534 0x0000015538fea590 code [0x0000015538fea720, 0x0000015538fea7f8]
Event: 1.617 Thread 0x000001554fc15000 nmethod 2525 0x0000015538fea890 code [0x0000015538feaa20, 0x0000015538feadb8]
Event: 68.781 Thread 0x000001554cb0dad0 2540       1       java.lang.StackTraceElement::getClassName (5 bytes)
Event: 68.781 Thread 0x000001554cb0dad0 nmethod 2540 0x0000015538feb090 code [0x0000015538feb220, 0x0000015538feb2f8]

GC Heap History (4 events):
Event: 0.479 GC heap before
{Heap before GC invocations=0 (full 0):
 garbage-first heap   total 258048K, used 20480K [0x0000000705000000, 0x0000000800000000)
  region size 2048K, 11 young (22528K), 0 survivors (0K)
 Metaspace       used 3362K, committed 3520K, reserved 1056768K
  class space    used 314K, committed 384K, reserved 1048576K
}
Event: 0.483 GC heap after
{Heap after GC invocations=1 (full 0):
 garbage-first heap   total 258048K, used 7149K [0x0000000705000000, 0x0000000800000000)
  region size 2048K, 2 young (4096K), 2 survivors (4096K)
 Metaspace       used 3362K, committed 3520K, reserved 1056768K
  class space    used 314K, committed 384K, reserved 1048576K
}
Event: 0.885 GC heap before
{Heap before GC invocations=1 (full 0):
 garbage-first heap   total 258048K, used 29677K [0x0000000705000000, 0x0000000800000000)
  region size 2048K, 13 young (26624K), 2 survivors (4096K)
 Metaspace       used 7824K, committed 8064K, reserved 1056768K
  class space    used 1034K, committed 1152K, reserved 1048576K
}
Event: 0.888 GC heap after
{Heap after GC invocations=2 (full 0):
 garbage-first heap   total 258048K, used 8563K [0x0000000705000000, 0x0000000800000000)
  region size 2048K, 1 young (2048K), 1 survivors (2048K)
 Metaspace       used 7824K, committed 8064K, reserved 1056768K
  class space    used 1034K, committed 1152K, reserved 1048576K
}

Deoptimization events (20 events):
Event: 1.303 Thread 0x0000015529c20f80 Uncommon trap: trap_request=0xffffff45 fr.pc=0x0000015538f9e5ec relative=0x00000000000002cc
Event: 1.303 Thread 0x0000015529c20f80 Uncommon trap: reason=unstable_if action=reinterpret pc=0x0000015538f9e5ec method=java.util.HashMap.getNode(Ljava/lang/Object;)Ljava/util/HashMap$Node; @ 66 c2
Event: 1.303 Thread 0x0000015529c20f80 DEOPT PACKING pc=0x0000015538f9e5ec sp=0x000000138affbf60
Event: 1.303 Thread 0x0000015529c20f80 DEOPT UNPACKING pc=0x00000155314523a3 sp=0x000000138affbef0 mode 2
Event: 1.507 Thread 0x0000015529c20f80 Uncommon trap: trap_request=0xffffff45 fr.pc=0x0000015538fc8744 relative=0x0000000000001844
Event: 1.507 Thread 0x0000015529c20f80 Uncommon trap: reason=unstable_if action=reinterpret pc=0x0000015538fc8744 method=java.util.HashMap.putVal(ILjava/lang/Object;Ljava/lang/Object;ZZ)Ljava/lang/Object; @ 236 c2
Event: 1.507 Thread 0x0000015529c20f80 DEOPT PACKING pc=0x0000015538fc8744 sp=0x000000138aff9a40
Event: 1.507 Thread 0x0000015529c20f80 DEOPT UNPACKING pc=0x00000155314523a3 sp=0x000000138aff9a08 mode 2
Event: 1.557 Thread 0x0000015529c20f80 Uncommon trap: trap_request=0xffffff45 fr.pc=0x0000015538edae38 relative=0x0000000000000238
Event: 1.557 Thread 0x0000015529c20f80 Uncommon trap: reason=unstable_if action=reinterpret pc=0x0000015538edae38 method=java.lang.String.isLatin1()Z @ 10 c2
Event: 1.557 Thread 0x0000015529c20f80 DEOPT PACKING pc=0x0000015538edae38 sp=0x000000138affbf80
Event: 1.557 Thread 0x0000015529c20f80 DEOPT UNPACKING pc=0x00000155314523a3 sp=0x000000138affbeb0 mode 2
Event: 1.561 Thread 0x0000015529c20f80 DEOPT PACKING pc=0x0000015531bc0004 sp=0x000000138affa710
Event: 1.561 Thread 0x0000015529c20f80 DEOPT UNPACKING pc=0x0000015531452b43 sp=0x000000138aff9ba8 mode 1
Event: 1.561 Thread 0x0000015529c20f80 DEOPT PACKING pc=0x0000015531bbf4dc sp=0x000000138affa7e0
Event: 1.561 Thread 0x0000015529c20f80 DEOPT UNPACKING pc=0x0000015531452b43 sp=0x000000138aff9c98 mode 1
Event: 1.578 Thread 0x0000015529c20f80 Uncommon trap: trap_request=0xffffff45 fr.pc=0x0000015538f01484 relative=0x0000000000000744
Event: 1.578 Thread 0x0000015529c20f80 Uncommon trap: reason=unstable_if action=reinterpret pc=0x0000015538f01484 method=java.util.jar.Manifest$FastInputStream.readLine([BII)I @ 130 c2
Event: 1.578 Thread 0x0000015529c20f80 DEOPT PACKING pc=0x0000015538f01484 sp=0x000000138aff7bb0
Event: 1.578 Thread 0x0000015529c20f80 DEOPT UNPACKING pc=0x00000155314523a3 sp=0x000000138aff7b50 mode 2

Classes unloaded (0 events):
No events

Classes redefined (2 events):
Event: 162.066 Thread 0x000001554caeb910 redefined class name=org.openhab.binding.boschspexor.internal.api.service.auth.SpexorAuthorizationServiceTest$1, count=1
Event: 162.066 Thread 0x000001554caeb910 redefined class name=org.openhab.binding.boschspexor.internal.api.service.auth.SpexorAuthorizationServiceTest, count=1

Internal exceptions (20 events):
Event: 0.597 Thread 0x0000015529c20f80 Exception <a 'java/lang/NoSuchMethodError'{0x00000007144ef8f8}: 'void java.lang.invoke.DirectMethodHandle$Holder.invokeInterface(java.lang.Object, java.lang.Object, java.lang.Object)'> (0x00000007144ef8f8) 
thrown [t:\workspace\open\src\hotspot\share\interpreter\linkResolver.cpp, line 766]
Event: 0.603 Thread 0x0000015529c20f80 Exception <a 'java/lang/NoSuchMethodError'{0x00000007145400c8}: 'java.lang.Object java.lang.invoke.DirectMethodHandle$Holder.newInvokeSpecial(java.lang.Object, java.lang.Object, java.lang.Object, java.lang.Object, java.lang.Object, java.lang.Object)'> (0x00000007145400c8) 
thrown [t:\workspace\open\src\hotspot\share\interpreter\linkResolver.cpp, line 766]
Event: 0.609 Thread 0x0000015529c20f80 Exception <a 'java/lang/NoSuchMethodError'{0x000000071458d800}: 'void java.lang.invoke.DirectMethodHandle$Holder.invokeInterface(java.lang.Object, java.lang.Object, java.lang.Object, java.lang.Object, java.lang.Object)'> (0x000000071458d800) 
thrown [t:\workspace\open\src\hotspot\share\interpreter\linkResolver.cpp, line 766]
Event: 0.609 Thread 0x0000015529c20f80 Exception <a 'java/lang/IncompatibleClassChangeError'{0x00000007145914d0}: Found class java.lang.Object, but interface was expected> (0x00000007145914d0) 
thrown [t:\workspace\open\src\hotspot\share\interpreter\linkResolver.cpp, line 833]
Event: 0.614 Thread 0x0000015529c20f80 Exception <a 'java/lang/IncompatibleClassChangeError'{0x00000007145c5988}: Found class java.lang.Object, but interface was expected> (0x00000007145c5988) 
thrown [t:\workspace\open\src\hotspot\share\interpreter\linkResolver.cpp, line 833]
Event: 0.617 Thread 0x0000015529c20f80 Exception <a 'java/lang/NoSuchMethodError'{0x00000007145eb7b0}: 'void java.lang.invoke.DirectMethodHandle$Holder.invokeSpecial(java.lang.Object, java.lang.Object, java.lang.Object, java.lang.Object, java.lang.Object)'> (0x00000007145eb7b0) 
thrown [t:\workspace\open\src\hotspot\share\interpreter\linkResolver.cpp, line 766]
Event: 0.626 Thread 0x0000015529c20f80 Exception <a 'java/lang/NoSuchMethodError'{0x000000071425b600}: 'java.lang.Object java.lang.invoke.DirectMethodHandle$Holder.invokeVirtual(java.lang.Object, java.lang.Object, java.lang.Object)'> (0x000000071425b600) 
thrown [t:\workspace\open\src\hotspot\share\interpreter\linkResolver.cpp, line 766]
Event: 0.632 Thread 0x0000015529c20f80 Exception <a 'java/lang/NoSuchMethodError'{0x00000007142a2128}: 'void java.lang.invoke.DirectMethodHandle$Holder.invokeInterface(java.lang.Object, java.lang.Object, java.lang.Object, java.lang.Object)'> (0x00000007142a2128) 
thrown [t:\workspace\open\src\hotspot\share\interpreter\linkResolver.cpp, line 766]
Event: 0.632 Thread 0x0000015529c20f80 Exception <a 'java/lang/IncompatibleClassChangeError'{0x00000007142a5a50}: Found class java.lang.Object, but interface was expected> (0x00000007142a5a50) 
thrown [t:\workspace\open\src\hotspot\share\interpreter\linkResolver.cpp, line 833]
Event: 0.634 Thread 0x0000015529c20f80 Exception <a 'java/lang/NoSuchMethodError'{0x00000007142bfbf8}: 'void java.lang.invoke.DirectMethodHandle$Holder.invokeStatic(java.lang.Object, java.lang.Object, java.lang.Object, java.lang.Object)'> (0x00000007142bfbf8) 
thrown [t:\workspace\open\src\hotspot\share\interpreter\linkResolver.cpp, line 766]
Event: 0.644 Thread 0x0000015529c20f80 Exception <a 'java/lang/NoSuchMethodError'{0x000000071434c588}: 'int java.lang.invoke.DirectMethodHandle$Holder.invokeStatic(java.lang.Object, java.lang.Object, java.lang.Object, java.lang.Object)'> (0x000000071434c588) 
thrown [t:\workspace\open\src\hotspot\share\interpreter\linkResolver.cpp, line 766]
Event: 0.644 Thread 0x0000015529c20f80 Exception <a 'java/lang/NoSuchMethodError'{0x000000071434ff08}: 'java.lang.Object java.lang.invoke.Invokers$Holder.invokeExact_MT(java.lang.Object, java.lang.Object, java.lang.Object, java.lang.Object, java.lang.Object, java.lang.Object)'> (0x000000071434ff08) 
thrown [t:\workspace\open\src\hotspot\share\interpreter\linkResolver.cpp, line 766]
Event: 0.646 Thread 0x0000015529c20f80 Exception <a 'java/lang/NoSuchMethodError'{0x000000071435fd28}: 'int java.lang.invoke.DirectMethodHandle$Holder.invokeStatic(java.lang.Object, java.lang.Object, java.lang.Object, java.lang.Object, java.lang.Object)'> (0x000000071435fd28) 
thrown [t:\workspace\open\src\hotspot\share\interpreter\linkResolver.cpp, line 766]
Event: 0.673 Thread 0x0000015529c20f80 Exception <a 'java/lang/NoSuchMethodError'{0x00000007140e6870}: 'int java.lang.invoke.DirectMethodHandle$Holder.invokeStaticInit(java.lang.Object, java.lang.Object, java.lang.Object)'> (0x00000007140e6870) 
thrown [t:\workspace\open\src\hotspot\share\interpreter\linkResolver.cpp, line 766]
Event: 0.712 Thread 0x0000015529c20f80 Exception <a 'java/lang/NoSuchMethodError'{0x0000000713f3e358}: 'java.lang.Object java.lang.invoke.DirectMethodHandle$Holder.newInvokeSpecial(java.lang.Object, java.lang.Object, java.lang.Object, java.lang.Object, java.lang.Object, java.lang.Object, java.lang.Object)'> (0x0000000713f3e358) 
thrown [t:\workspace\open\src\hotspot\share\interpreter\linkResolver.cpp, line 766]
Event: 0.712 Thread 0x0000015529c20f80 Exception <a 'java/lang/NoSuchMethodError'{0x0000000713f42f10}: 'java.lang.Object java.lang.invoke.Invokers$Holder.linkToTargetMethod(java.lang.Object, java.lang.Object, java.lang.Object, java.lang.Object, java.lang.Object, java.lang.Object, java.lang.Object)'> (0x0000000713f42f10) 
thrown [t:\workspace\open\src\hotspot\share\interpreter\linkResolver.cpp, line 766]
Event: 0.713 Thread 0x0000015529c20f80 Exception <a 'java/lang/NoSuchMethodError'{0x0000000713f4e2c8}: 'java.lang.Object java.lang.invoke.DirectMethodHandle$Holder.invokeInterface(java.lang.Object, java.lang.Object, java.lang.Object, java.lang.Object, java.lang.Object)'> (0x0000000713f4e2c8) 
thrown [t:\workspace\open\src\hotspot\share\interpreter\linkResolver.cpp, line 766]
Event: 0.713 Thread 0x0000015529c20f80 Exception <a 'java/lang/IncompatibleClassChangeError'{0x0000000713f520c0}: Found class java.lang.Object, but interface was expected> (0x0000000713f520c0) 
thrown [t:\workspace\open\src\hotspot\share\interpreter\linkResolver.cpp, line 833]
Event: 1.553 Thread 0x0000015529c20f80 Exception <a 'java/lang/IncompatibleClassChangeError'{0x0000000711c3f1c8}: Found class java.lang.Object, but interface was expected> (0x0000000711c3f1c8) 
thrown [t:\workspace\open\src\hotspot\share\interpreter\linkResolver.cpp, line 833]
Event: 1.604 Thread 0x0000015529c20f80 Exception <a 'java/lang/IncompatibleClassChangeError'{0x0000000711b2f068}: Found class java.lang.Object, but interface was expected> (0x0000000711b2f068) 
thrown [t:\workspace\open\src\hotspot\share\interpreter\linkResolver.cpp, line 833]

VM Operations (20 events):
Event: 1.943 Executing VM operation: get/set locals
Event: 1.943 Executing VM operation: get/set locals done
Event: 1.943 Executing VM operation: get/set locals
Event: 1.944 Executing VM operation: get/set locals done
Event: 1.945 Executing VM operation: get/set locals
Event: 1.945 Executing VM operation: get/set locals done
Event: 1.945 Executing VM operation: get/set locals
Event: 1.945 Executing VM operation: get/set locals done
Event: 68.889 Executing VM operation: get/set locals
Event: 68.889 Executing VM operation: get/set locals done
Event: 130.219 Executing VM operation: get/set locals
Event: 130.219 Executing VM operation: get/set locals done
Event: 132.328 Executing VM operation: get/set locals
Event: 132.328 Executing VM operation: get/set locals done
Event: 141.063 Executing VM operation: get/set locals
Event: 141.063 Executing VM operation: get/set locals done
Event: 162.063 Executing VM operation: RedefineClasses
Event: 162.072 Executing VM operation: RedefineClasses done
Event: 162.080 Executing VM operation: ChangeBreakpoints
Event: 162.081 Executing VM operation: ChangeBreakpoints done

Events (20 events):
Event: 1.556 loading class java/time/DateTimeException
Event: 1.556 loading class java/time/DateTimeException done
Event: 1.556 loading class java/time/format/DateTimeParseException done
Event: 1.560 loading class sun/misc/SharedSecrets
Event: 1.560 loading class sun/misc/SharedSecrets done
Event: 1.561 loading class java/lang/StackTraceElement$HashedModules
Event: 1.561 loading class java/lang/StackTraceElement$HashedModules done
Event: 1.561 loading class java/lang/Short$ShortCache
Event: 1.561 loading class java/lang/Short$ShortCache done
Event: 1.574 loading class java/util/concurrent/ConcurrentLinkedQueue
Event: 1.574 loading class java/util/AbstractQueue
Event: 1.574 loading class java/util/AbstractQueue done
Event: 1.574 loading class java/util/concurrent/ConcurrentLinkedQueue done
Event: 1.575 loading class java/util/concurrent/ConcurrentLinkedQueue$Node
Event: 1.575 loading class java/util/concurrent/ConcurrentLinkedQueue$Node done
Event: 1.580 loading class java/util/TimerTask
Event: 1.580 loading class java/util/TimerTask done
Event: 1.611 loading class java/util/stream/SortedOps$RefSortingSink
Event: 1.611 loading class java/util/stream/SortedOps$RefSortingSink done
Event: 6.620 Thread 0x000001554fc15000 Thread exited: 0x000001554fc15000


Dynamic libraries:
0x00007ff630ec0000 - 0x00007ff630ed0000 	C:\Program Files\Java\jdk-17.0.1\bin\javaw.exe
0x00007ffe442d0000 - 0x00007ffe444c5000 	C:\WINDOWS\SYSTEM32\ntdll.dll
0x00007ffe43f60000 - 0x00007ffe4401e000 	C:\WINDOWS\System32\KERNEL32.DLL
0x00007ffe41d50000 - 0x00007ffe42018000 	C:\WINDOWS\System32\KERNELBASE.dll
0x00007ffe42180000 - 0x00007ffe42280000 	C:\WINDOWS\System32\ucrtbase.dll
0x00007ffe3d520000 - 0x00007ffe3d538000 	C:\Program Files\Java\jdk-17.0.1\bin\jli.dll
0x00007ffe3d470000 - 0x00007ffe3d48a000 	C:\Program Files\Java\jdk-17.0.1\bin\VCRUNTIME140.dll
0x00007ffe43df0000 - 0x00007ffe43e9c000 	C:\WINDOWS\System32\ADVAPI32.dll
0x00007ffe43500000 - 0x00007ffe4359e000 	C:\WINDOWS\System32\msvcrt.dll
0x00007ffe44040000 - 0x00007ffe440db000 	C:\WINDOWS\System32\sechost.dll
0x00007ffe42c90000 - 0x00007ffe42dba000 	C:\WINDOWS\System32\RPCRT4.dll
0x00007ffe429d0000 - 0x00007ffe42b71000 	C:\WINDOWS\System32\USER32.dll
0x00007ffe42020000 - 0x00007ffe42042000 	C:\WINDOWS\System32\win32u.dll
0x00007ffe2ded0000 - 0x00007ffe2e16a000 	C:\WINDOWS\WinSxS\amd64_microsoft.windows.common-controls_6595b64144ccf1df_6.0.19041.1110_none_60b5254171f9507e\COMCTL32.dll
0x00007ffe42370000 - 0x00007ffe4239b000 	C:\WINDOWS\System32\GDI32.dll
0x00007ffe41c40000 - 0x00007ffe41d4b000 	C:\WINDOWS\System32\gdi32full.dll
0x00007ffe42280000 - 0x00007ffe4231d000 	C:\WINDOWS\System32\msvcp_win.dll
0x00007ffe3acc0000 - 0x00007ffe3acca000 	C:\WINDOWS\SYSTEM32\VERSION.dll
0x00007ffe42320000 - 0x00007ffe42350000 	C:\WINDOWS\System32\IMM32.DLL
0x00007ffe3d460000 - 0x00007ffe3d46c000 	C:\Program Files\Java\jdk-17.0.1\bin\vcruntime140_1.dll
0x00007ffe2b710000 - 0x00007ffe2b79d000 	C:\Program Files\Java\jdk-17.0.1\bin\msvcp140.dll
0x00007ffddc5d0000 - 0x00007ffddd18e000 	C:\Program Files\Java\jdk-17.0.1\bin\server\jvm.dll
0x00007ffe44030000 - 0x00007ffe44038000 	C:\WINDOWS\System32\PSAPI.DLL
0x00007ffe37860000 - 0x00007ffe37887000 	C:\WINDOWS\SYSTEM32\WINMM.dll
0x00007ffe2ac70000 - 0x00007ffe2ac79000 	C:\WINDOWS\SYSTEM32\WSOCK32.dll
0x00007ffe43a20000 - 0x00007ffe43a8b000 	C:\WINDOWS\System32\WS2_32.dll
0x00007ffe3f910000 - 0x00007ffe3f922000 	C:\WINDOWS\SYSTEM32\kernel.appcore.dll
0x00007ffe3cd30000 - 0x00007ffe3cd3a000 	C:\Program Files\Java\jdk-17.0.1\bin\jimage.dll
0x00007ffe37890000 - 0x00007ffe37a74000 	C:\WINDOWS\SYSTEM32\DBGHELP.DLL
0x00007ffe37830000 - 0x00007ffe3785c000 	C:\WINDOWS\SYSTEM32\dbgcore.DLL
0x00007ffe41bb0000 - 0x00007ffe41c33000 	C:\WINDOWS\System32\bcryptPrimitives.dll
0x00007ffe2c4b0000 - 0x00007ffe2c4eb000 	C:\Program Files\Java\jdk-17.0.1\bin\jdwp.dll
0x00007ffe3cd20000 - 0x00007ffe3cd2e000 	C:\Program Files\Java\jdk-17.0.1\bin\instrument.dll
0x00007ffe2c480000 - 0x00007ffe2c4a5000 	C:\Program Files\Java\jdk-17.0.1\bin\java.dll
0x00007ffe2b630000 - 0x00007ffe2b706000 	C:\Program Files\Java\jdk-17.0.1\bin\svml.dll
0x00007ffe42dc0000 - 0x00007ffe434ff000 	C:\WINDOWS\System32\SHELL32.dll
0x00007ffe3fb10000 - 0x00007ffe402a0000 	C:\WINDOWS\SYSTEM32\windows.storage.dll
0x00007ffe43a90000 - 0x00007ffe43de5000 	C:\WINDOWS\System32\combase.dll
0x00007ffe41440000 - 0x00007ffe4146e000 	C:\WINDOWS\SYSTEM32\Wldp.dll
0x00007ffe42b80000 - 0x00007ffe42c2d000 	C:\WINDOWS\System32\SHCORE.dll
0x00007ffe423a0000 - 0x00007ffe423f5000 	C:\WINDOWS\System32\shlwapi.dll
0x00007ffe41930000 - 0x00007ffe4194f000 	C:\WINDOWS\SYSTEM32\profapi.dll
0x00007ffe3cd10000 - 0x00007ffe3cd1c000 	C:\Program Files\Java\jdk-17.0.1\bin\dt_socket.dll
0x00007ffe40e40000 - 0x00007ffe40e7b000 	C:\WINDOWS\SYSTEM32\IPHLPAPI.DLL
0x00007ffe411a0000 - 0x00007ffe4120a000 	C:\WINDOWS\system32\mswsock.dll
0x00007ffe40e90000 - 0x00007ffe40f5b000 	C:\WINDOWS\SYSTEM32\DNSAPI.dll
0x00007ffe44020000 - 0x00007ffe44028000 	C:\WINDOWS\System32\NSI.dll
0x0000000054c60000 - 0x0000000054c86000 	C:\Program Files\Bonjour\mdnsNSP.dll
0x00007ffe3a990000 - 0x00007ffe3a99a000 	C:\Windows\System32\rasadhlp.dll
0x00007ffe2d840000 - 0x00007ffe2d8bf000 	C:\WINDOWS\System32\fwpuclnt.dll
0x00007ffe42150000 - 0x00007ffe42177000 	C:\WINDOWS\System32\bcrypt.dll
0x00007ffe35b60000 - 0x00007ffe35b78000 	C:\Program Files\Java\jdk-17.0.1\bin\zip.dll
0x00007ffe2c110000 - 0x00007ffe2c129000 	C:\Program Files\Java\jdk-17.0.1\bin\net.dll
0x00007ffe344d0000 - 0x00007ffe345dc000 	C:\WINDOWS\SYSTEM32\WINHTTP.dll
0x00007ffe2c0f0000 - 0x00007ffe2c105000 	C:\Program Files\Java\jdk-17.0.1\bin\nio.dll
0x00007ffe3cd00000 - 0x00007ffe3cd10000 	C:\Program Files\Java\jdk-17.0.1\bin\verify.dll
0x00007ffe3a7b0000 - 0x00007ffe3a7c7000 	C:\WINDOWS\SYSTEM32\dhcpcsvc6.DLL
0x00007ffe3aa30000 - 0x00007ffe3aa4d000 	C:\WINDOWS\SYSTEM32\dhcpcsvc.DLL
0x00007ffe38160000 - 0x00007ffe38169000 	C:\Program Files\Java\jdk-17.0.1\bin\management.dll
0x00007ffe2bf90000 - 0x00007ffe2bf9b000 	C:\Program Files\Java\jdk-17.0.1\bin\management_ext.dll

dbghelp: loaded successfully - version: 4.0.5 - missing functions: none
symbol engine: initialized successfully - sym options: 0x614 - pdb path: .;C:\Program Files\Java\jdk-17.0.1\bin;C:\WINDOWS\SYSTEM32;C:\WINDOWS\WinSxS\amd64_microsoft.windows.common-controls_6595b64144ccf1df_6.0.19041.1110_none_60b5254171f9507e;C:\Program Files\Java\jdk-17.0.1\bin\server;C:\Program Files\Bonjour

VM Arguments:
jvm_args: -agentlib:jdwp=transport=dt_socket,suspend=y,address=localhost:3655 -ea -javaagent:E:\dev\openhab-main\eclipse\configuration\org.eclipse.osgi\436\0\.cp\lib\javaagent-shaded.jar -Dfile.encoding=UTF-8 
java_command: org.eclipse.jdt.internal.junit.runner.RemoteTestRunner -version 3 -port 3654 -testLoaderClass org.eclipse.jdt.internal.junit5.runner.JUnit5TestLoader -loaderpluginname org.eclipse.jdt.junit5.runtime -classNames org.openhab.binding.boschspexor.internal.api.service.auth.SpexorAuthorizationServiceTest
java_class_path (initial): E:\dev\openhab-main\ws\openhab-addons\bundles\org.openhab.binding.boschspexor\target\test-classes;E:\dev\openhab-main\ws\openhab-addons\bundles\org.openhab.binding.boschspexor\target\classes;C:\Users\marc6\.m2\repository\com\nimbusds\oauth2-oidc-sdk\9.18\oauth2-oidc-sdk-9.18.jar;C:\Users\marc6\.m2\repository\com\github\stephenc\jcip\jcip-annotations\1.0-1\jcip-annotations-1.0-1.jar;C:\Users\marc6\.m2\repository\com\nimbusds\content-type\2.1\content-type-2.1.jar;C:\Users\marc6\.m2\repository\net\minidev\json-smart\2.4.7\json-smart-2.4.7.jar;C:\Users\marc6\.m2\repository\net\minidev\accessors-smart\2.4.7\accessors-smart-2.4.7.jar;C:\Users\marc6\.m2\repository\org\ow2\asm\asm\9.1\asm-9.1.jar;C:\Users\marc6\.m2\repository\com\nimbusds\lang-tag\1.5\lang-tag-1.5.jar;C:\Users\marc6\.m2\repository\com\nimbusds\nimbus-jose-jwt\9.14\nimbus-jose-jwt-9.14.jar;E:\dev\openhab-main\ws\connectorio-cloud\bundles\org.connectorio.cloud.device.auth.nimbus\target\classes;E:\dev\openhab-main\ws\connectorio-cloud\bundles\org.connectorio.cloud.device.id\target\classes;E:\dev\openhab-main\ws\connectorio-cloud\bundles\org.connectorio.cloud.device.auth\target\classes;C:\Users\marc6\.m2\repository\org\osgi\osgi.core\7.0.0\osgi.core-7.0.0.jar;C:\Users\marc6\.m2\repository\org\osgi\osgi.cmpn\7.0.0\osgi.cmpn-7.0.0.jar;C:\Users\marc6\.m2\repository\org\slf4j\slf4j-api\1.7.12\slf4j-api-1.7.12.jar;C:\Users\marc6\.m2\repository\org\lastnpe\eea\eea-all\2.2.1\eea-all-2.2.1.jar;C:\Users\marc6\.m2\repository\org\osgi\osgi.annotation\7.0.0\osgi.annotation-7.0.0.jar;C:\Users\marc6\.m2\repository\org\eclipse\jdt\org.eclipse.jdt.annotation\2.2.100\org.eclipse.jdt.annotation-2.2.100.jar;C:\Users\marc6\.m2\repository\javax\annotation\javax.annotation-api\1.2\javax.annotation-api-1.2.jar;C:\Users\marc6\.m2\repository\org\apache\commons\commons-lang3\3.9\commons-lang3-3.9.jar;C:\Users\marc6\.m2\repository\org\eclipse\californium\californium-core\2.0.0\californium-core-2.0.0.jar;C:\Us
Launcher Type: SUN_STANDARD

[Global flags]
     intx CICompilerCount                          = 4                                         {product} {ergonomic}
     uint ConcGCThreads                            = 3                                         {product} {ergonomic}
     uint G1ConcRefinementThreads                  = 10                                        {product} {ergonomic}
   size_t G1HeapRegionSize                         = 2097152                                   {product} {ergonomic}
    uintx GCDrainStackTargetSize                   = 64                                        {product} {ergonomic}
   size_t InitialHeapSize                          = 264241152                                 {product} {ergonomic}
   size_t MarkStackSize                            = 4194304                                   {product} {ergonomic}
   size_t MaxHeapSize                              = 4211081216                                {product} {ergonomic}
   size_t MaxNewSize                               = 2524971008                                {product} {ergonomic}
   size_t MinHeapDeltaBytes                        = 2097152                                   {product} {ergonomic}
   size_t MinHeapSize                              = 8388608                                   {product} {ergonomic}
    uintx NonNMethodCodeHeapSize                   = 5839372                                {pd product} {ergonomic}
    uintx NonProfiledCodeHeapSize                  = 122909434                              {pd product} {ergonomic}
    uintx ProfiledCodeHeapSize                     = 122909434                              {pd product} {ergonomic}
    uintx ReservedCodeCacheSize                    = 251658240                              {pd product} {ergonomic}
     bool SegmentedCodeCache                       = true                                      {product} {ergonomic}
   size_t SoftMaxHeapSize                          = 4211081216                             {manageable} {ergonomic}
     bool UseCompressedClassPointers               = true                           {product lp64_product} {ergonomic}
     bool UseCompressedOops                        = true                           {product lp64_product} {ergonomic}
     bool UseG1GC                                  = true                                      {product} {ergonomic}
     bool UseLargePagesIndividualAllocation        = false                                  {pd product} {ergonomic}

Logging:
Log output configuration:
 #0: stdout all=warning uptime,level,tags
 #1: stderr all=off uptime,level,tags

Environment Variables:
JAVA_HOME=C:\Program Files\Java\jdk-11.0.2
PATH=C:/Program Files/Java/jdk-12.0.2/bin/server;C:/Program Files/Java/jdk-12.0.2/bin;C:\Program Files\Common Files\Oracle\Java\javapath;C:\Program Files\Eclipse Adoptium\jdk-11.0.13.8-hotspot\bin;C:\Program Files (x86)\Common Files\Oracle\Java\javapath;C:\ProgramData\Oracle\Java\javapath;C:\Windows\system32;C:\Windows;C:\Windows\System32\Wbem;C:\Windows\System32\WindowsPowerShell\v1.0\;C:\Program Files (x86)\NVIDIA Corporation\PhysX\Common;C:\Program Files\Microsoft Network Monitor 3\;C:\WINDOWS\system32;C:\WINDOWS;C:\WINDOWS\System32\Wbem;C:\WINDOWS\System32\WindowsPowerShell\v1.0\;C:\WINDOWS\System32\OpenSSH\;C:\Program Files\PuTTY\;C:\WINDOWS\system32;C:\WINDOWS;C:\WINDOWS\System32\Wbem;C:\WINDOWS\System32\WindowsPowerShell\v1.0\;C:\WINDOWS\System32\OpenSSH\;C:\dev\runtime\apache-maven-3.6.3\bin;C:\Program Files\Java\jdk1.8.0_261\bin;C:\Program Files (x86)\Windows Kits\10\Windows Performance Toolkit\;C:\Program Files\NVIDIA Corporation\NVIDIA NvDLISR;C:\Program Files (x86)\Intel\Intel(R) Management Engine Components\DAL;C:\Program Files\Intel\Intel(R) Management Engine Components\DAL;C:\Program Files\Git\cmd;C:\Users\marc6\AppData\Local\Microsoft\WindowsApps;C:\Program Files (x86)\Nmap;;E:\dev\openhab-main\eclipse;
USERNAME=Marc
OS=Windows_NT
PROCESSOR_IDENTIFIER=Intel64 Family 6 Model 85 Stepping 4, GenuineIntel



---------------  S Y S T E M  ---------------

OS:
 Windows 10 , 64 bit Build 19041 (10.0.19041.1348)
OS uptime: 0 days 3:25 hours

CPU: total 12 (initial active 12) (6 cores per cpu, 2 threads per core) family 6 model 85 stepping 4 microcode 0x200005e, cx8, cmov, fxsr, ht, mmx, 3dnowpref, sse, sse2, sse3, ssse3, sse4.1, sse4.2, popcnt, lzcnt, tsc, tscinvbit, avx, avx2, aes, erms, clmul, bmi1, bmi2, rtm, adx, fma, vzeroupper, clflush, clflushopt, clwb

Memory: 4k page, system-wide physical 16056M (7703M free)
TotalPageFile size 27320M (AvailPageFile size 14864M)
current process WorkingSet (physical memory assigned to process): 124M, peak: 141M
current process commit charge ("private bytes"): 378M, peak: 396M

vm_info: Java HotSpot(TM) 64-Bit Server VM (17.0.1+12-LTS-39) for windows-amd64 JRE (17.0.1+12-LTS-39), built on Sep 27 2021 18:41:35 by "mach5one" with MS VC++ 16.8 (VS2019)

END.
